2026-01-06 16:25:53 [background-preinit] INFO  o.h.validator.internal.util.Version - HV000001: Hibernate Validator 8.0.1.Final
2026-01-06 16:25:53 [main] INFO  com.ruoyi.RuoYiApplication - Starting RuoYiApplication using Java 17.0.9 with PID 13068 (F:\wms\WMS\ruoyi\wms-ruoyi-master\ruoyi-admin-wms\target\classes started by 浦颖昊 in F:\wms\WMS\ruoyi)
2026-01-06 16:25:53 [main] INFO  com.ruoyi.RuoYiApplication - The following 1 profile is active: "dev"
2026-01-06 16:26:07 [main] INFO  io.undertow.servlet - Initializing Spring embedded WebApplicationContext
2026-01-06 16:26:09 [main] INFO  c.b.d.d.DynamicRoutingDataSource - dynamic-datasource detect P6SPY plugin and enabled it
2026-01-06 16:26:09 [main] INFO  com.zaxxer.hikari.HikariDataSource - master - Starting...
2026-01-06 16:26:10 [main] INFO  com.zaxxer.hikari.pool.HikariPool - master - Added connection com.mysql.cj.jdbc.ConnectionImpl@2d3768ce
2026-01-06 16:26:10 [main] INFO  com.zaxxer.hikari.HikariDataSource - master - Start completed.
2026-01-06 16:26:10 [main] INFO  c.b.d.d.DynamicRoutingDataSource - dynamic-datasource - add a datasource named [slave] success
2026-01-06 16:26:10 [main] INFO  c.b.d.d.DynamicRoutingDataSource - dynamic-datasource - add a datasource named [master] success
2026-01-06 16:26:10 [main] INFO  c.b.d.d.DynamicRoutingDataSource - dynamic-datasource initial loaded [2] datasource,primary datasource named [master]
2026-01-06 16:26:14 [main] INFO  c.b.d.d.DynamicRoutingDataSource - dynamic-datasource start closing ....
2026-01-06 16:26:14 [main] INFO  c.b.d.d.d.DefaultDataSourceDestroyer - dynamic-datasource close the datasource named [slave] success,
2026-01-06 16:26:14 [main] INFO  com.zaxxer.hikari.HikariDataSource - master - Shutdown initiated...
2026-01-06 16:26:14 [main] INFO  com.zaxxer.hikari.HikariDataSource - master - Shutdown completed.
2026-01-06 16:26:14 [main] INFO  c.b.d.d.d.DefaultDataSourceDestroyer - dynamic-datasource close the datasource named [master] success,
2026-01-06 16:26:14 [main] INFO  c.b.d.d.DynamicRoutingDataSource - dynamic-datasource all closed success,bye
2026-01-06 16:26:54 [background-preinit] INFO  o.h.validator.internal.util.Version - HV000001: Hibernate Validator 8.0.1.Final
2026-01-06 16:26:55 [main] INFO  com.ruoyi.RuoYiApplication - Starting RuoYiApplication using Java 17.0.9 with PID 28668 (F:\wms\WMS\ruoyi\wms-ruoyi-master\ruoyi-admin-wms\target\classes started by 浦颖昊 in F:\wms\WMS\ruoyi)
2026-01-06 16:26:55 [main] INFO  com.ruoyi.RuoYiApplication - The following 1 profile is active: "dev"
2026-01-06 16:27:03 [main] INFO  io.undertow.servlet - Initializing Spring embedded WebApplicationContext
2026-01-06 16:27:04 [main] INFO  c.b.d.d.DynamicRoutingDataSource - dynamic-datasource detect P6SPY plugin and enabled it
2026-01-06 16:27:04 [main] INFO  com.zaxxer.hikari.HikariDataSource - master - Starting...
2026-01-06 16:27:05 [main] INFO  com.zaxxer.hikari.pool.HikariPool - master - Added connection com.mysql.cj.jdbc.ConnectionImpl@4965454c
2026-01-06 16:27:05 [main] INFO  com.zaxxer.hikari.HikariDataSource - master - Start completed.
2026-01-06 16:27:05 [main] INFO  c.b.d.d.DynamicRoutingDataSource - dynamic-datasource - add a datasource named [slave] success
2026-01-06 16:27:05 [main] INFO  c.b.d.d.DynamicRoutingDataSource - dynamic-datasource - add a datasource named [master] success
2026-01-06 16:27:05 [main] INFO  c.b.d.d.DynamicRoutingDataSource - dynamic-datasource initial loaded [2] datasource,primary datasource named [master]
2026-01-06 16:27:09 [main] INFO  c.r.common.redis.config.RedisConfig - 初始化 redis 配置
2026-01-06 16:27:09 [main] INFO  org.redisson.Version - Redisson 3.29.0
2026-01-06 16:27:10 [redisson-netty-1-5] INFO  o.r.connection.ConnectionsHolder - 1 connections initialized for localhost/127.0.0.1:6379
2026-01-06 16:27:10 [redisson-netty-1-4] INFO  o.r.connection.ConnectionsHolder - 8 connections initialized for localhost/127.0.0.1:6379
2026-01-06 16:27:12 [main] INFO  c.r.common.json.config.JacksonConfig - 初始化 jackson 配置
2026-01-06 16:27:15 [main] INFO  io.undertow - starting server: Undertow - 2.3.13.Final
2026-01-06 16:27:15 [main] INFO  org.xnio - XNIO version 3.8.8.Final
2026-01-06 16:27:15 [main] INFO  org.xnio.nio - XNIO NIO Implementation Version 3.8.8.Final
2026-01-06 16:27:15 [main] INFO  org.jboss.threads - JBoss Threads version 3.5.0.Final
2026-01-06 16:27:15 [main] INFO  com.ruoyi.RuoYiApplication - Started RuoYiApplication in 21.654 seconds (process running for 22.352)
2026-01-06 16:27:16 [main] INFO  c.r.s.runner.SystemApplicationRunner - 初始化OSS配置成功
2026-01-06 16:27:16 [main] INFO  c.r.s.runner.SystemApplicationRunner - 加载参数缓存数据成功
2026-01-06 16:27:16 [main] INFO  c.r.s.runner.SystemApplicationRunner - 加载字典缓存数据成功
2026-01-06 16:27:22 [XNIO-1 task-2] INFO  io.undertow.servlet - Initializing Spring DispatcherServlet 'dispatcherServlet'
2026-01-06 16:27:22 [XNIO-1 task-3] INFO  c.r.c.w.i.PlusWebInvokeTimeInterceptor - [PLUS]开始请求 => URL[GET /captchaImage],无参数
2026-01-06 16:27:23 [XNIO-1 task-3] INFO  c.r.c.w.i.PlusWebInvokeTimeInterceptor - [PLUS]结束请求 => URL[GET /captchaImage],耗时:[725]毫秒
2026-01-06 16:27:26 [XNIO-1 task-3] INFO  c.r.c.w.i.PlusWebInvokeTimeInterceptor - [PLUS]开始请求 => URL[GET /captchaImage],无参数
2026-01-06 16:27:26 [XNIO-1 task-3] INFO  c.r.c.w.i.PlusWebInvokeTimeInterceptor - [PLUS]结束请求 => URL[GET /captchaImage],耗时:[15]毫秒
2026-01-06 16:27:29 [XNIO-1 task-3] INFO  c.r.c.w.i.PlusWebInvokeTimeInterceptor - [PLUS]开始请求 => URL[POST /login],参数类型[json],参数:[{"username":"admin","password":"123456","code":"2","uuid":"94a5ef7b2101413dab9310b87e0fc584"}]
2026-01-06 16:27:30 [schedule-pool-1] INFO  c.r.s.service.SysLogininforService - [0:0:0:0:0:0:0:1]内网IP[admin][Success][登录成功]
2026-01-06 16:27:30 [XNIO-1 task-3] INFO  c.r.c.w.i.PlusWebInvokeTimeInterceptor - [PLUS]结束请求 => URL[POST /login],耗时:[961]毫秒
2026-01-06 16:27:30 [XNIO-1 task-2] INFO  c.r.c.w.i.PlusWebInvokeTimeInterceptor - [PLUS]开始请求 => URL[GET /getInfo],无参数
2026-01-06 16:27:30 [XNIO-1 task-5] INFO  c.r.c.w.i.PlusWebInvokeTimeInterceptor - [PLUS]开始请求 => URL[GET /wms/itemCategory/listNoPage],无参数
2026-01-06 16:27:30 [XNIO-1 task-3] INFO  c.r.c.w.i.PlusWebInvokeTimeInterceptor - [PLUS]开始请求 => URL[GET /wms/warehouse/listNoPage],无参数
2026-01-06 16:27:30 [XNIO-1 task-4] INFO  c.r.c.w.i.PlusWebInvokeTimeInterceptor - [PLUS]开始请求 => URL[GET /wms/merchant/listNoPage],无参数
2026-01-06 16:27:30 [XNIO-1 task-4] INFO  c.r.c.w.i.PlusWebInvokeTimeInterceptor - [PLUS]结束请求 => URL[GET /wms/merchant/listNoPage],耗时:[54]毫秒
2026-01-06 16:27:30 [XNIO-1 task-3] INFO  c.r.c.w.i.PlusWebInvokeTimeInterceptor - [PLUS]结束请求 => URL[GET /wms/warehouse/listNoPage],耗时:[61]毫秒
2026-01-06 16:27:30 [XNIO-1 task-5] INFO  c.r.c.w.i.PlusWebInvokeTimeInterceptor - [PLUS]结束请求 => URL[GET /wms/itemCategory/listNoPage],耗时:[92]毫秒
2026-01-06 16:27:30 [XNIO-1 task-5] INFO  c.r.c.w.i.PlusWebInvokeTimeInterceptor - [PLUS]开始请求 => URL[GET /wms/itemCategory/treeselect],无参数
2026-01-06 16:27:30 [XNIO-1 task-2] INFO  c.r.c.w.i.PlusWebInvokeTimeInterceptor - [PLUS]结束请求 => URL[GET /getInfo],耗时:[148]毫秒
2026-01-06 16:27:30 [XNIO-1 task-2] INFO  c.r.c.w.i.PlusWebInvokeTimeInterceptor - [PLUS]开始请求 => URL[GET /getRouters],无参数
2026-01-06 16:27:30 [XNIO-1 task-5] INFO  c.r.c.w.i.PlusWebInvokeTimeInterceptor - [PLUS]结束请求 => URL[GET /wms/itemCategory/treeselect],耗时:[26]毫秒
2026-01-06 16:27:30 [XNIO-1 task-5] INFO  c.r.c.w.i.PlusWebInvokeTimeInterceptor - [PLUS]开始请求 => URL[GET /wms/itemBrand/listNoPage],无参数
2026-01-06 16:27:30 [XNIO-1 task-5] INFO  c.r.c.w.i.PlusWebInvokeTimeInterceptor - [PLUS]结束请求 => URL[GET /wms/itemBrand/listNoPage],耗时:[15]毫秒
2026-01-06 16:27:30 [XNIO-1 task-2] INFO  c.r.c.w.i.PlusWebInvokeTimeInterceptor - [PLUS]结束请求 => URL[GET /getRouters],耗时:[46]毫秒
2026-01-06 16:28:35 [XNIO-1 task-2] INFO  c.r.c.w.i.PlusWebInvokeTimeInterceptor - [PLUS]开始请求 => URL[GET /wms/inventory/boardList/warehouse],参数类型[param],参数:[{"pageSize":["10"],"pageNum":["1"]}]
2026-01-06 16:28:35 [XNIO-1 task-2] INFO  c.r.c.w.i.PlusWebInvokeTimeInterceptor - [PLUS]结束请求 => URL[GET /wms/inventory/boardList/warehouse],耗时:[200]毫秒
2026-01-06 16:28:39 [XNIO-1 task-2] INFO  c.r.c.w.i.PlusWebInvokeTimeInterceptor - [PLUS]开始请求 => URL[GET /wms/inventory/boardList/warehouse],参数类型[param],参数:[{"pageSize":["10"],"pageNum":["1"]}]
2026-01-06 16:28:39 [XNIO-1 task-2] INFO  c.r.c.w.i.PlusWebInvokeTimeInterceptor - [PLUS]结束请求 => URL[GET /wms/inventory/boardList/warehouse],耗时:[20]毫秒
2026-01-06 16:28:40 [XNIO-1 task-5] INFO  c.r.c.w.i.PlusWebInvokeTimeInterceptor - [PLUS]开始请求 => URL[GET /system/dict/data/type/wms_inventory_history_type],无参数
2026-01-06 16:28:40 [XNIO-1 task-2] INFO  c.r.c.w.i.PlusWebInvokeTimeInterceptor - [PLUS]开始请求 => URL[GET /wms/inventoryHistory/list],参数类型[param],参数:[{"pageSize":["10"],"pageNum":["1"]}]
2026-01-06 16:28:40 [XNIO-1 task-5] INFO  c.r.c.w.i.PlusWebInvokeTimeInterceptor - [PLUS]结束请求 => URL[GET /system/dict/data/type/wms_inventory_history_type],耗时:[27]毫秒
2026-01-06 16:28:40 [XNIO-1 task-2] INFO  c.r.c.w.i.PlusWebInvokeTimeInterceptor - [PLUS]结束请求 => URL[GET /wms/inventoryHistory/list],耗时:[76]毫秒
2026-01-06 16:28:41 [XNIO-1 task-3] INFO  c.r.c.w.i.PlusWebInvokeTimeInterceptor - [PLUS]开始请求 => URL[GET /system/dict/data/type/wms_receipt_status],无参数
2026-01-06 16:28:41 [XNIO-1 task-5] INFO  c.r.c.w.i.PlusWebInvokeTimeInterceptor - [PLUS]开始请求 => URL[GET /system/dict/data/type/wms_receipt_type],无参数
2026-01-06 16:28:41 [XNIO-1 task-3] INFO  c.r.c.w.i.PlusWebInvokeTimeInterceptor - [PLUS]结束请求 => URL[GET /system/dict/data/type/wms_receipt_status],耗时:[3]毫秒
2026-01-06 16:28:41 [XNIO-1 task-5] INFO  c.r.c.w.i.PlusWebInvokeTimeInterceptor - [PLUS]结束请求 => URL[GET /system/dict/data/type/wms_receipt_type],耗时:[4]毫秒
2026-01-06 16:28:41 [XNIO-1 task-2] INFO  c.r.c.w.i.PlusWebInvokeTimeInterceptor - [PLUS]开始请求 => URL[GET /wms/receiptOrder/list],参数类型[param],参数:[{"pageSize":["10"],"pageNum":["1"]}]
2026-01-06 16:28:41 [XNIO-1 task-2] INFO  c.r.c.w.i.PlusWebInvokeTimeInterceptor - [PLUS]结束请求 => URL[GET /wms/receiptOrder/list],耗时:[38]毫秒
2026-01-06 16:29:22 [XNIO-1 task-2] INFO  c.r.c.w.i.PlusWebInvokeTimeInterceptor - [PLUS]开始请求 => URL[GET /wms/receiptOrder/list],参数类型[param],参数:[{"pageSize":["10"],"pageNum":["1"]}]
2026-01-06 16:29:22 [XNIO-1 task-2] INFO  c.r.c.w.i.PlusWebInvokeTimeInterceptor - [PLUS]结束请求 => URL[GET /wms/receiptOrder/list],耗时:[13]毫秒
2026-01-06 16:29:22 [XNIO-1 task-3] INFO  c.r.c.w.i.PlusWebInvokeTimeInterceptor - [PLUS]开始请求 => URL[GET /system/dict/data/type/wms_shipment_type],无参数
2026-01-06 16:29:22 [XNIO-1 task-5] INFO  c.r.c.w.i.PlusWebInvokeTimeInterceptor - [PLUS]开始请求 => URL[GET /system/dict/data/type/wms_shipment_status],无参数
2026-01-06 16:29:22 [XNIO-1 task-5] INFO  c.r.c.w.i.PlusWebInvokeTimeInterceptor - [PLUS]结束请求 => URL[GET /system/dict/data/type/wms_shipment_status],耗时:[6]毫秒
2026-01-06 16:29:22 [XNIO-1 task-3] INFO  c.r.c.w.i.PlusWebInvokeTimeInterceptor - [PLUS]结束请求 => URL[GET /system/dict/data/type/wms_shipment_type],耗时:[11]毫秒
2026-01-06 16:29:22 [XNIO-1 task-2] INFO  c.r.c.w.i.PlusWebInvokeTimeInterceptor - [PLUS]开始请求 => URL[GET /wms/shipmentOrder/list],参数类型[param],参数:[{"pageSize":["10"],"pageNum":["1"]}]
2026-01-06 16:29:22 [XNIO-1 task-2] INFO  c.r.c.w.i.PlusWebInvokeTimeInterceptor - [PLUS]结束请求 => URL[GET /wms/shipmentOrder/list],耗时:[28]毫秒
2026-01-06 16:29:22 [XNIO-1 task-2] INFO  c.r.c.w.i.PlusWebInvokeTimeInterceptor - [PLUS]开始请求 => URL[GET /system/dict/data/type/wms_movement_status],无参数
2026-01-06 16:29:23 [XNIO-1 task-2] INFO  c.r.c.w.i.PlusWebInvokeTimeInterceptor - [PLUS]结束请求 => URL[GET /system/dict/data/type/wms_movement_status],耗时:[7]毫秒
2026-01-06 16:29:23 [XNIO-1 task-3] INFO  c.r.c.w.i.PlusWebInvokeTimeInterceptor - [PLUS]开始请求 => URL[GET /wms/movementOrder/list],参数类型[param],参数:[{"pageSize":["10"],"pageNum":["1"]}]
2026-01-06 16:29:23 [XNIO-1 task-3] INFO  c.r.c.w.i.PlusWebInvokeTimeInterceptor - [PLUS]结束请求 => URL[GET /wms/movementOrder/list],耗时:[40]毫秒
2026-01-06 16:29:23 [XNIO-1 task-2] INFO  c.r.c.w.i.PlusWebInvokeTimeInterceptor - [PLUS]开始请求 => URL[GET /system/dict/data/type/wms_check_status],无参数
2026-01-06 16:29:23 [XNIO-1 task-2] INFO  c.r.c.w.i.PlusWebInvokeTimeInterceptor - [PLUS]结束请求 => URL[GET /system/dict/data/type/wms_check_status],耗时:[3]毫秒
2026-01-06 16:29:23 [XNIO-1 task-3] INFO  c.r.c.w.i.PlusWebInvokeTimeInterceptor - [PLUS]开始请求 => URL[GET /wms/checkOrder/list],参数类型[param],参数:[{"pageSize":["10"],"pageNum":["1"]}]
2026-01-06 16:29:23 [XNIO-1 task-3] INFO  c.r.c.w.i.PlusWebInvokeTimeInterceptor - [PLUS]结束请求 => URL[GET /wms/checkOrder/list],耗时:[23]毫秒
2026-01-06 16:29:23 [XNIO-1 task-3] INFO  c.r.c.w.i.PlusWebInvokeTimeInterceptor - [PLUS]开始请求 => URL[GET /wms/receiptOrder/list],参数类型[param],参数:[{"pageSize":["10"],"pageNum":["1"]}]
2026-01-06 16:29:23 [XNIO-1 task-3] INFO  c.r.c.w.i.PlusWebInvokeTimeInterceptor - [PLUS]结束请求 => URL[GET /wms/receiptOrder/list],耗时:[10]毫秒
2026-01-06 16:29:28 [XNIO-1 task-3] INFO  c.r.c.w.i.PlusWebInvokeTimeInterceptor - [PLUS]开始请求 => URL[GET /wms/inventoryHistory/list],参数类型[param],参数:[{"pageSize":["10"],"pageNum":["1"]}]
2026-01-06 16:29:28 [XNIO-1 task-3] INFO  c.r.c.w.i.PlusWebInvokeTimeInterceptor - [PLUS]结束请求 => URL[GET /wms/inventoryHistory/list],耗时:[16]毫秒
2026-01-06 16:29:28 [XNIO-1 task-3] INFO  c.r.c.w.i.PlusWebInvokeTimeInterceptor - [PLUS]开始请求 => URL[GET /wms/inventory/boardList/warehouse],参数类型[param],参数:[{"pageSize":["10"],"pageNum":["1"]}]
2026-01-06 16:29:28 [XNIO-1 task-3] INFO  c.r.c.w.i.PlusWebInvokeTimeInterceptor - [PLUS]结束请求 => URL[GET /wms/inventory/boardList/warehouse],耗时:[10]毫秒
2026-01-06 16:29:29 [XNIO-1 task-3] INFO  c.r.c.w.i.PlusWebInvokeTimeInterceptor - [PLUS]开始请求 => URL[GET /wms/inventoryHistory/list],参数类型[param],参数:[{"pageSize":["10"],"pageNum":["1"]}]
2026-01-06 16:29:29 [XNIO-1 task-3] INFO  c.r.c.w.i.PlusWebInvokeTimeInterceptor - [PLUS]结束请求 => URL[GET /wms/inventoryHistory/list],耗时:[25]毫秒
2026-01-06 16:29:29 [XNIO-1 task-3] INFO  c.r.c.w.i.PlusWebInvokeTimeInterceptor - [PLUS]开始请求 => URL[GET /wms/inventory/boardList/warehouse],参数类型[param],参数:[{"pageSize":["10"],"pageNum":["1"]}]
2026-01-06 16:29:29 [XNIO-1 task-3] INFO  c.r.c.w.i.PlusWebInvokeTimeInterceptor - [PLUS]结束请求 => URL[GET /wms/inventory/boardList/warehouse],耗时:[13]毫秒
2026-01-06 16:29:30 [XNIO-1 task-3] INFO  c.r.c.w.i.PlusWebInvokeTimeInterceptor - [PLUS]开始请求 => URL[GET /wms/inventoryHistory/list],参数类型[param],参数:[{"pageSize":["10"],"pageNum":["1"]}]
2026-01-06 16:29:30 [XNIO-1 task-3] INFO  c.r.c.w.i.PlusWebInvokeTimeInterceptor - [PLUS]结束请求 => URL[GET /wms/inventoryHistory/list],耗时:[15]毫秒
2026-01-06 16:29:30 [XNIO-1 task-3] INFO  c.r.c.w.i.PlusWebInvokeTimeInterceptor - [PLUS]开始请求 => URL[GET /wms/inventory/boardList/warehouse],参数类型[param],参数:[{"pageSize":["10"],"pageNum":["1"]}]
2026-01-06 16:29:30 [XNIO-1 task-3] INFO  c.r.c.w.i.PlusWebInvokeTimeInterceptor - [PLUS]结束请求 => URL[GET /wms/inventory/boardList/warehouse],耗时:[12]毫秒
2026-01-06 16:29:31 [XNIO-1 task-3] INFO  c.r.c.w.i.PlusWebInvokeTimeInterceptor - [PLUS]开始请求 => URL[GET /wms/inventoryHistory/list],参数类型[param],参数:[{"pageSize":["10"],"pageNum":["1"]}]
2026-01-06 16:29:31 [XNIO-1 task-3] INFO  c.r.c.w.i.PlusWebInvokeTimeInterceptor - [PLUS]结束请求 => URL[GET /wms/inventoryHistory/list],耗时:[14]毫秒
2026-01-06 16:29:31 [XNIO-1 task-3] INFO  c.r.c.w.i.PlusWebInvokeTimeInterceptor - [PLUS]开始请求 => URL[GET /wms/inventory/boardList/warehouse],参数类型[param],参数:[{"pageSize":["10"],"pageNum":["1"]}]
2026-01-06 16:29:31 [XNIO-1 task-3] INFO  c.r.c.w.i.PlusWebInvokeTimeInterceptor - [PLUS]结束请求 => URL[GET /wms/inventory/boardList/warehouse],耗时:[10]毫秒
2026-01-06 16:29:33 [XNIO-1 task-3] INFO  c.r.c.w.i.PlusWebInvokeTimeInterceptor - [PLUS]开始请求 => URL[GET /wms/inventoryHistory/list],参数类型[param],参数:[{"pageSize":["10"],"pageNum":["1"]}]
2026-01-06 16:29:33 [XNIO-1 task-3] INFO  c.r.c.w.i.PlusWebInvokeTimeInterceptor - [PLUS]结束请求 => URL[GET /wms/inventoryHistory/list],耗时:[13]毫秒
2026-01-06 16:29:33 [XNIO-1 task-3] INFO  c.r.c.w.i.PlusWebInvokeTimeInterceptor - [PLUS]开始请求 => URL[GET /wms/shipmentOrder/list],参数类型[param],参数:[{"pageSize":["10"],"pageNum":["1"]}]
2026-01-06 16:29:33 [XNIO-1 task-3] INFO  c.r.c.w.i.PlusWebInvokeTimeInterceptor - [PLUS]结束请求 => URL[GET /wms/shipmentOrder/list],耗时:[10]毫秒
2026-01-06 16:29:44 [XNIO-1 task-3] INFO  c.r.c.w.i.PlusWebInvokeTimeInterceptor - [PLUS]开始请求 => URL[GET /system/user/profile],无参数
2026-01-06 16:29:44 [XNIO-1 task-3] INFO  c.r.c.w.i.PlusWebInvokeTimeInterceptor - [PLUS]结束请求 => URL[GET /system/user/profile],耗时:[28]毫秒
2026-01-06 16:31:36 [XNIO-1 task-3] INFO  c.r.c.w.i.PlusWebInvokeTimeInterceptor - [PLUS]开始请求 => URL[GET /captchaImage],无参数
2026-01-06 16:31:36 [XNIO-1 task-3] INFO  c.r.c.w.i.PlusWebInvokeTimeInterceptor - [PLUS]结束请求 => URL[GET /captchaImage],耗时:[17]毫秒
2026-01-06 16:31:46 [XNIO-1 task-2] INFO  c.r.c.w.i.PlusWebInvokeTimeInterceptor - [PLUS]开始请求 => URL[POST /login],参数类型[json],参数:[{"username":"admin","password":"123456","code":"2","uuid":"7f82389d5d694192b3f1291ba9a3dd06"}]
2026-01-06 16:31:46 [schedule-pool-1] INFO  c.r.s.service.SysLogininforService - [0:0:0:0:0:0:0:1]内网IP[admin][Success][登录成功]
2026-01-06 16:31:46 [XNIO-1 task-2] INFO  c.r.c.w.i.PlusWebInvokeTimeInterceptor - [PLUS]结束请求 => URL[POST /login],耗时:[44]毫秒
2026-01-06 16:31:59 [XNIO-1 task-2] INFO  c.r.c.w.i.PlusWebInvokeTimeInterceptor - [PLUS]开始请求 => URL[GET /wms/checkOrder/list],参数类型[param],参数:[{"pageSize":["10"],"pageNum":["1"]}]
2026-01-06 16:31:59 [XNIO-1 task-2] INFO  c.r.c.w.i.PlusWebInvokeTimeInterceptor - [PLUS]结束请求 => URL[GET /wms/checkOrder/list],耗时:[15]毫秒
2026-01-06 16:32:00 [XNIO-1 task-2] INFO  c.r.c.w.i.PlusWebInvokeTimeInterceptor - [PLUS]开始请求 => URL[GET /wms/movementOrder/list],参数类型[param],参数:[{"pageSize":["10"],"pageNum":["1"]}]
2026-01-06 16:32:00 [XNIO-1 task-2] INFO  c.r.c.w.i.PlusWebInvokeTimeInterceptor - [PLUS]结束请求 => URL[GET /wms/movementOrder/list],耗时:[18]毫秒
2026-01-06 16:32:00 [XNIO-1 task-2] INFO  c.r.c.w.i.PlusWebInvokeTimeInterceptor - [PLUS]开始请求 => URL[GET /wms/receiptOrder/list],参数类型[param],参数:[{"pageSize":["10"],"pageNum":["1"]}]
2026-01-06 16:32:00 [XNIO-1 task-2] INFO  c.r.c.w.i.PlusWebInvokeTimeInterceptor - [PLUS]结束请求 => URL[GET /wms/receiptOrder/list],耗时:[8]毫秒
2026-01-06 16:32:01 [XNIO-1 task-2] INFO  c.r.c.w.i.PlusWebInvokeTimeInterceptor - [PLUS]开始请求 => URL[GET /wms/inventoryHistory/list],参数类型[param],参数:[{"pageSize":["10"],"pageNum":["1"]}]
2026-01-06 16:32:01 [XNIO-1 task-2] INFO  c.r.c.w.i.PlusWebInvokeTimeInterceptor - [PLUS]结束请求 => URL[GET /wms/inventoryHistory/list],耗时:[10]毫秒
2026-01-06 16:32:02 [XNIO-1 task-2] INFO  c.r.c.w.i.PlusWebInvokeTimeInterceptor - [PLUS]开始请求 => URL[GET /wms/inventory/boardList/warehouse],参数类型[param],参数:[{"pageSize":["10"],"pageNum":["1"]}]
2026-01-06 16:32:02 [XNIO-1 task-2] INFO  c.r.c.w.i.PlusWebInvokeTimeInterceptor - [PLUS]结束请求 => URL[GET /wms/inventory/boardList/warehouse],耗时:[11]毫秒
2026-01-06 16:32:02 [XNIO-1 task-2] INFO  c.r.c.w.i.PlusWebInvokeTimeInterceptor - [PLUS]开始请求 => URL[GET /wms/inventoryHistory/list],参数类型[param],参数:[{"pageSize":["10"],"pageNum":["1"]}]
2026-01-06 16:32:02 [XNIO-1 task-2] INFO  c.r.c.w.i.PlusWebInvokeTimeInterceptor - [PLUS]结束请求 => URL[GET /wms/inventoryHistory/list],耗时:[12]毫秒
2026-01-06 16:32:03 [XNIO-1 task-2] INFO  c.r.c.w.i.PlusWebInvokeTimeInterceptor - [PLUS]开始请求 => URL[GET /wms/inventory/boardList/warehouse],参数类型[param],参数:[{"pageSize":["10"],"pageNum":["1"]}]
2026-01-06 16:32:03 [XNIO-1 task-2] INFO  c.r.c.w.i.PlusWebInvokeTimeInterceptor - [PLUS]结束请求 => URL[GET /wms/inventory/boardList/warehouse],耗时:[13]毫秒
2026-01-06 18:07:14 [background-preinit] INFO  o.h.validator.internal.util.Version - HV000001: Hibernate Validator 8.0.1.Final
2026-01-06 18:07:14 [main] INFO  com.ruoyi.RuoYiApplication - Starting RuoYiApplication using Java 17.0.9 with PID 36356 (F:\wms\WMS\ruoyi\wms-ruoyi-master\ruoyi-admin-wms\target\classes started by 浦颖昊 in F:\wms\WMS\ruoyi)
2026-01-06 18:07:14 [main] INFO  com.ruoyi.RuoYiApplication - The following 1 profile is active: "dev"
2026-01-06 18:07:23 [main] INFO  io.undertow.servlet - Initializing Spring embedded WebApplicationContext
2026-01-06 18:07:25 [main] INFO  c.b.d.d.DynamicRoutingDataSource - dynamic-datasource detect P6SPY plugin and enabled it
2026-01-06 18:07:25 [main] INFO  com.zaxxer.hikari.HikariDataSource - master - Starting...
2026-01-06 18:07:26 [main] INFO  com.zaxxer.hikari.pool.HikariPool - master - Added connection com.mysql.cj.jdbc.ConnectionImpl@1165a952
2026-01-06 18:07:26 [main] INFO  com.zaxxer.hikari.HikariDataSource - master - Start completed.
2026-01-06 18:07:26 [main] INFO  c.b.d.d.DynamicRoutingDataSource - dynamic-datasource - add a datasource named [slave] success
2026-01-06 18:07:26 [main] INFO  c.b.d.d.DynamicRoutingDataSource - dynamic-datasource - add a datasource named [master] success
2026-01-06 18:07:26 [main] INFO  c.b.d.d.DynamicRoutingDataSource - dynamic-datasource initial loaded [2] datasource,primary datasource named [master]
2026-01-06 18:07:31 [main] INFO  c.r.common.redis.config.RedisConfig - 初始化 redis 配置
2026-01-06 18:07:31 [main] INFO  org.redisson.Version - Redisson 3.29.0
2026-01-06 18:07:33 [redisson-netty-1-5] INFO  o.r.connection.ConnectionsHolder - 1 connections initialized for localhost/127.0.0.1:6379
2026-01-06 18:07:33 [redisson-netty-1-4] INFO  o.r.connection.ConnectionsHolder - 8 connections initialized for localhost/127.0.0.1:6379
2026-01-06 18:07:34 [main] INFO  c.b.d.d.DynamicRoutingDataSource - dynamic-datasource start closing ....
2026-01-06 18:07:34 [main] INFO  c.b.d.d.d.DefaultDataSourceDestroyer - dynamic-datasource close the datasource named [slave] success,
2026-01-06 18:07:34 [main] INFO  com.zaxxer.hikari.HikariDataSource - master - Shutdown initiated...
2026-01-06 18:07:34 [main] INFO  com.zaxxer.hikari.HikariDataSource - master - Shutdown completed.
2026-01-06 18:07:34 [main] INFO  c.b.d.d.d.DefaultDataSourceDestroyer - dynamic-datasource close the datasource named [master] success,
2026-01-06 18:07:34 [main] INFO  c.b.d.d.DynamicRoutingDataSource - dynamic-datasource all closed success,bye
