2026-01-06 16:25:53 [background-preinit] INFO  o.h.validator.internal.util.Version - HV000001: Hibernate Validator 8.0.1.Final
2026-01-06 16:25:53 [main] INFO  com.ruoyi.RuoYiApplication - Starting RuoYiApplication using Java 17.0.9 with PID 13068 (F:\wms\WMS\ruoyi\wms-ruoyi-master\ruoyi-admin-wms\target\classes started by 浦颖昊 in F:\wms\WMS\ruoyi)
2026-01-06 16:25:53 [main] INFO  com.ruoyi.RuoYiApplication - The following 1 profile is active: "dev"
2026-01-06 16:26:02 [main] WARN  o.m.s.mapper.ClassPathMapperScanner - No MyBatis mapper was found in '[com.ruoyi]' package. Please check your configuration.
2026-01-06 16:26:06 [main] WARN  o.s.c.s.PostProcessorRegistrationDelegate$BeanPostProcessorChecker - Bean 'com.baomidou.dynamic.datasource.spring.boot.autoconfigure.DynamicDataSourceAopConfiguration' of type [com.baomidou.dynamic.datasource.spring.boot.autoconfigure.DynamicDataSourceAopConfiguration] is not eligible for getting processed by all BeanPostProcessors (for example: not eligible for auto-proxying). Is this bean getting eagerly injected into a currently created BeanPostProcessor [healthEndpointGroupsBeanPostProcessor]? Check the corresponding BeanPostProcessor declaration and its dependencies.
2026-01-06 16:26:07 [main] INFO  io.undertow.servlet - Initializing Spring embedded WebApplicationContext
2026-01-06 16:26:09 [main] INFO  c.b.d.d.DynamicRoutingDataSource - dynamic-datasource detect P6SPY plugin and enabled it
2026-01-06 16:26:09 [main] INFO  com.zaxxer.hikari.HikariDataSource - master - Starting...
2026-01-06 16:26:10 [main] INFO  com.zaxxer.hikari.pool.HikariPool - master - Added connection com.mysql.cj.jdbc.ConnectionImpl@2d3768ce
2026-01-06 16:26:10 [main] INFO  com.zaxxer.hikari.HikariDataSource - master - Start completed.
2026-01-06 16:26:10 [main] INFO  c.b.d.d.DynamicRoutingDataSource - dynamic-datasource - add a datasource named [slave] success
2026-01-06 16:26:10 [main] INFO  c.b.d.d.DynamicRoutingDataSource - dynamic-datasource - add a datasource named [master] success
2026-01-06 16:26:10 [main] INFO  c.b.d.d.DynamicRoutingDataSource - dynamic-datasource initial loaded [2] datasource,primary datasource named [master]
2026-01-06 16:26:14 [main] WARN  o.s.b.w.s.c.AnnotationConfigServletWebServerApplicationContext - Exception encountered during context initialization - cancelling refresh attempt: org.springframework.beans.factory.UnsatisfiedDependencyException: Error creating bean with name 'checkOrderController' defined in file [F:\wms\WMS\ruoyi\wms-ruoyi-master\ruoyi-admin-wms\target\classes\com\ruoyi\wms\controller\CheckOrderController.class]: Unsatisfied dependency expressed through constructor parameter 0: Error creating bean with name 'checkOrderService' defined in file [F:\wms\WMS\ruoyi\wms-ruoyi-master\ruoyi-admin-wms\target\classes\com\ruoyi\wms\service\CheckOrderService.class]: Unsatisfied dependency expressed through constructor parameter 0: Error creating bean with name 'checkOrderMapper' defined in file [F:\wms\WMS\ruoyi\wms-ruoyi-master\ruoyi-admin-wms\target\classes\com\ruoyi\wms\mapper\CheckOrderMapper.class]: Unsatisfied dependency expressed through bean property 'sqlSessionFactory': Error creating bean with name 'sqlSessionFactory' defined in class path resource [com/baomidou/mybatisplus/autoconfigure/MybatisPlusAutoConfiguration.class]: Failed to instantiate [org.apache.ibatis.session.SqlSessionFactory]: Factory method 'sqlSessionFactory' threw exception with message: Failed to parse mapping resource: 'file [F:\wms\WMS\ruoyi\wms-ruoyi-master\ruoyi-modules\ruoyi-system\target\classes\mapper\system\SysRoleMenuMapper.xml]'
2026-01-06 16:26:14 [main] INFO  c.b.d.d.DynamicRoutingDataSource - dynamic-datasource start closing ....
2026-01-06 16:26:14 [main] INFO  c.b.d.d.d.DefaultDataSourceDestroyer - dynamic-datasource close the datasource named [slave] success,
2026-01-06 16:26:14 [main] INFO  com.zaxxer.hikari.HikariDataSource - master - Shutdown initiated...
2026-01-06 16:26:14 [main] INFO  com.zaxxer.hikari.HikariDataSource - master - Shutdown completed.
2026-01-06 16:26:14 [main] INFO  c.b.d.d.d.DefaultDataSourceDestroyer - dynamic-datasource close the datasource named [master] success,
2026-01-06 16:26:14 [main] INFO  c.b.d.d.DynamicRoutingDataSource - dynamic-datasource all closed success,bye
2026-01-06 16:26:14 [main] ERROR o.s.boot.SpringApplication - Application run failed
org.springframework.beans.factory.UnsatisfiedDependencyException: Error creating bean with name 'checkOrderController' defined in file [F:\wms\WMS\ruoyi\wms-ruoyi-master\ruoyi-admin-wms\target\classes\com\ruoyi\wms\controller\CheckOrderController.class]: Unsatisfied dependency expressed through constructor parameter 0: Error creating bean with name 'checkOrderService' defined in file [F:\wms\WMS\ruoyi\wms-ruoyi-master\ruoyi-admin-wms\target\classes\com\ruoyi\wms\service\CheckOrderService.class]: Unsatisfied dependency expressed through constructor parameter 0: Error creating bean with name 'checkOrderMapper' defined in file [F:\wms\WMS\ruoyi\wms-ruoyi-master\ruoyi-admin-wms\target\classes\com\ruoyi\wms\mapper\CheckOrderMapper.class]: Unsatisfied dependency expressed through bean property 'sqlSessionFactory': Error creating bean with name 'sqlSessionFactory' defined in class path resource [com/baomidou/mybatisplus/autoconfigure/MybatisPlusAutoConfiguration.class]: Failed to instantiate [org.apache.ibatis.session.SqlSessionFactory]: Factory method 'sqlSessionFactory' threw exception with message: Failed to parse mapping resource: 'file [F:\wms\WMS\ruoyi\wms-ruoyi-master\ruoyi-modules\ruoyi-system\target\classes\mapper\system\SysRoleMenuMapper.xml]'
	at org.springframework.beans.factory.support.ConstructorResolver.createArgumentArray(ConstructorResolver.java:795)
	at org.springframework.beans.factory.support.ConstructorResolver.autowireConstructor(ConstructorResolver.java:237)
	at org.springframework.beans.factory.support.AbstractAutowireCapableBeanFactory.autowireConstructor(AbstractAutowireCapableBeanFactory.java:1357)
	at org.springframework.beans.factory.support.AbstractAutowireCapableBeanFactory.createBeanInstance(AbstractAutowireCapableBeanFactory.java:1194)
	at org.springframework.beans.factory.support.AbstractAutowireCapableBeanFactory.doCreateBean(AbstractAutowireCapableBeanFactory.java:562)
	at org.springframework.beans.factory.support.AbstractAutowireCapableBeanFactory.createBean(AbstractAutowireCapableBeanFactory.java:522)
	at org.springframework.beans.factory.support.AbstractBeanFactory.lambda$doGetBean$0(AbstractBeanFactory.java:337)
	at org.springframework.beans.factory.support.DefaultSingletonBeanRegistry.getSingleton(DefaultSingletonBeanRegistry.java:234)
	at org.springframework.beans.factory.support.AbstractBeanFactory.doGetBean(AbstractBeanFactory.java:335)
	at org.springframework.beans.factory.support.AbstractBeanFactory.getBean(AbstractBeanFactory.java:200)
	at org.springframework.beans.factory.support.DefaultListableBeanFactory.preInstantiateSingletons(DefaultListableBeanFactory.java:975)
	at org.springframework.context.support.AbstractApplicationContext.finishBeanFactoryInitialization(AbstractApplicationContext.java:962)
	at org.springframework.context.support.AbstractApplicationContext.refresh(AbstractApplicationContext.java:624)
	at org.springframework.boot.web.servlet.context.ServletWebServerApplicationContext.refresh(ServletWebServerApplicationContext.java:146)
	at org.springframework.boot.SpringApplication.refresh(SpringApplication.java:754)
	at org.springframework.boot.SpringApplication.refreshContext(SpringApplication.java:456)
	at org.springframework.boot.SpringApplication.run(SpringApplication.java:335)
	at com.ruoyi.RuoYiApplication.main(RuoYiApplication.java:20)
Caused by: org.springframework.beans.factory.UnsatisfiedDependencyException: Error creating bean with name 'checkOrderService' defined in file [F:\wms\WMS\ruoyi\wms-ruoyi-master\ruoyi-admin-wms\target\classes\com\ruoyi\wms\service\CheckOrderService.class]: Unsatisfied dependency expressed through constructor parameter 0: Error creating bean with name 'checkOrderMapper' defined in file [F:\wms\WMS\ruoyi\wms-ruoyi-master\ruoyi-admin-wms\target\classes\com\ruoyi\wms\mapper\CheckOrderMapper.class]: Unsatisfied dependency expressed through bean property 'sqlSessionFactory': Error creating bean with name 'sqlSessionFactory' defined in class path resource [com/baomidou/mybatisplus/autoconfigure/MybatisPlusAutoConfiguration.class]: Failed to instantiate [org.apache.ibatis.session.SqlSessionFactory]: Factory method 'sqlSessionFactory' threw exception with message: Failed to parse mapping resource: 'file [F:\wms\WMS\ruoyi\wms-ruoyi-master\ruoyi-modules\ruoyi-system\target\classes\mapper\system\SysRoleMenuMapper.xml]'
	at org.springframework.beans.factory.support.ConstructorResolver.createArgumentArray(ConstructorResolver.java:795)
	at org.springframework.beans.factory.support.ConstructorResolver.autowireConstructor(ConstructorResolver.java:237)
	at org.springframework.beans.factory.support.AbstractAutowireCapableBeanFactory.autowireConstructor(AbstractAutowireCapableBeanFactory.java:1357)
	at org.springframework.beans.factory.support.AbstractAutowireCapableBeanFactory.createBeanInstance(AbstractAutowireCapableBeanFactory.java:1194)
	at org.springframework.beans.factory.support.AbstractAutowireCapableBeanFactory.doCreateBean(AbstractAutowireCapableBeanFactory.java:562)
	at org.springframework.beans.factory.support.AbstractAutowireCapableBeanFactory.createBean(AbstractAutowireCapableBeanFactory.java:522)
	at org.springframework.beans.factory.support.AbstractBeanFactory.lambda$doGetBean$0(AbstractBeanFactory.java:337)
	at org.springframework.beans.factory.support.DefaultSingletonBeanRegistry.getSingleton(DefaultSingletonBeanRegistry.java:234)
	at org.springframework.beans.factory.support.AbstractBeanFactory.doGetBean(AbstractBeanFactory.java:335)
	at org.springframework.beans.factory.support.AbstractBeanFactory.getBean(AbstractBeanFactory.java:200)
	at org.springframework.beans.factory.config.DependencyDescriptor.resolveCandidate(DependencyDescriptor.java:254)
	at org.springframework.beans.factory.support.DefaultListableBeanFactory.doResolveDependency(DefaultListableBeanFactory.java:1443)
	at org.springframework.beans.factory.support.DefaultListableBeanFactory.resolveDependency(DefaultListableBeanFactory.java:1353)
	at org.springframework.beans.factory.support.ConstructorResolver.resolveAutowiredArgument(ConstructorResolver.java:904)
	at org.springframework.beans.factory.support.ConstructorResolver.createArgumentArray(ConstructorResolver.java:782)
	... 17 common frames omitted
Caused by: org.springframework.beans.factory.UnsatisfiedDependencyException: Error creating bean with name 'checkOrderMapper' defined in file [F:\wms\WMS\ruoyi\wms-ruoyi-master\ruoyi-admin-wms\target\classes\com\ruoyi\wms\mapper\CheckOrderMapper.class]: Unsatisfied dependency expressed through bean property 'sqlSessionFactory': Error creating bean with name 'sqlSessionFactory' defined in class path resource [com/baomidou/mybatisplus/autoconfigure/MybatisPlusAutoConfiguration.class]: Failed to instantiate [org.apache.ibatis.session.SqlSessionFactory]: Factory method 'sqlSessionFactory' threw exception with message: Failed to parse mapping resource: 'file [F:\wms\WMS\ruoyi\wms-ruoyi-master\ruoyi-modules\ruoyi-system\target\classes\mapper\system\SysRoleMenuMapper.xml]'
	at org.springframework.beans.factory.support.AbstractAutowireCapableBeanFactory.autowireByType(AbstractAutowireCapableBeanFactory.java:1518)
	at org.springframework.beans.factory.support.AbstractAutowireCapableBeanFactory.populateBean(AbstractAutowireCapableBeanFactory.java:1412)
	at org.springframework.beans.factory.support.AbstractAutowireCapableBeanFactory.doCreateBean(AbstractAutowireCapableBeanFactory.java:599)
	at org.springframework.beans.factory.support.AbstractAutowireCapableBeanFactory.createBean(AbstractAutowireCapableBeanFactory.java:522)
	at org.springframework.beans.factory.support.AbstractBeanFactory.lambda$doGetBean$0(AbstractBeanFactory.java:337)
	at org.springframework.beans.factory.support.DefaultSingletonBeanRegistry.getSingleton(DefaultSingletonBeanRegistry.java:234)
	at org.springframework.beans.factory.support.AbstractBeanFactory.doGetBean(AbstractBeanFactory.java:335)
	at org.springframework.beans.factory.support.AbstractBeanFactory.getBean(AbstractBeanFactory.java:200)
	at org.springframework.beans.factory.config.DependencyDescriptor.resolveCandidate(DependencyDescriptor.java:254)
	at org.springframework.beans.factory.support.DefaultListableBeanFactory.doResolveDependency(DefaultListableBeanFactory.java:1443)
	at org.springframework.beans.factory.support.DefaultListableBeanFactory.resolveDependency(DefaultListableBeanFactory.java:1353)
	at org.springframework.beans.factory.support.ConstructorResolver.resolveAutowiredArgument(ConstructorResolver.java:904)
	at org.springframework.beans.factory.support.ConstructorResolver.createArgumentArray(ConstructorResolver.java:782)
	... 31 common frames omitted
Caused by: org.springframework.beans.factory.BeanCreationException: Error creating bean with name 'sqlSessionFactory' defined in class path resource [com/baomidou/mybatisplus/autoconfigure/MybatisPlusAutoConfiguration.class]: Failed to instantiate [org.apache.ibatis.session.SqlSessionFactory]: Factory method 'sqlSessionFactory' threw exception with message: Failed to parse mapping resource: 'file [F:\wms\WMS\ruoyi\wms-ruoyi-master\ruoyi-modules\ruoyi-system\target\classes\mapper\system\SysRoleMenuMapper.xml]'
	at org.springframework.beans.factory.support.ConstructorResolver.instantiate(ConstructorResolver.java:648)
	at org.springframework.beans.factory.support.ConstructorResolver.instantiateUsingFactoryMethod(ConstructorResolver.java:636)
	at org.springframework.beans.factory.support.AbstractAutowireCapableBeanFactory.instantiateUsingFactoryMethod(AbstractAutowireCapableBeanFactory.java:1337)
	at org.springframework.beans.factory.support.AbstractAutowireCapableBeanFactory.createBeanInstance(AbstractAutowireCapableBeanFactory.java:1167)
	at org.springframework.beans.factory.support.AbstractAutowireCapableBeanFactory.doCreateBean(AbstractAutowireCapableBeanFactory.java:562)
	at org.springframework.beans.factory.support.AbstractAutowireCapableBeanFactory.createBean(AbstractAutowireCapableBeanFactory.java:522)
	at org.springframework.beans.factory.support.AbstractBeanFactory.lambda$doGetBean$0(AbstractBeanFactory.java:337)
	at org.springframework.beans.factory.support.DefaultSingletonBeanRegistry.getSingleton(DefaultSingletonBeanRegistry.java:234)
	at org.springframework.beans.factory.support.AbstractBeanFactory.doGetBean(AbstractBeanFactory.java:335)
	at org.springframework.beans.factory.support.AbstractBeanFactory.getBean(AbstractBeanFactory.java:200)
	at org.springframework.beans.factory.config.DependencyDescriptor.resolveCandidate(DependencyDescriptor.java:254)
	at org.springframework.beans.factory.support.DefaultListableBeanFactory.doResolveDependency(DefaultListableBeanFactory.java:1443)
	at org.springframework.beans.factory.support.DefaultListableBeanFactory.resolveDependency(DefaultListableBeanFactory.java:1353)
	at org.springframework.beans.factory.support.AbstractAutowireCapableBeanFactory.autowireByType(AbstractAutowireCapableBeanFactory.java:1503)
	... 43 common frames omitted
Caused by: org.springframework.beans.BeanInstantiationException: Failed to instantiate [org.apache.ibatis.session.SqlSessionFactory]: Factory method 'sqlSessionFactory' threw exception with message: Failed to parse mapping resource: 'file [F:\wms\WMS\ruoyi\wms-ruoyi-master\ruoyi-modules\ruoyi-system\target\classes\mapper\system\SysRoleMenuMapper.xml]'
	at org.springframework.beans.factory.support.SimpleInstantiationStrategy.instantiate(SimpleInstantiationStrategy.java:177)
	at org.springframework.beans.factory.support.ConstructorResolver.instantiate(ConstructorResolver.java:644)
	... 56 common frames omitted
Caused by: java.io.IOException: Failed to parse mapping resource: 'file [F:\wms\WMS\ruoyi\wms-ruoyi-master\ruoyi-modules\ruoyi-system\target\classes\mapper\system\SysRoleMenuMapper.xml]'
	at com.baomidou.mybatisplus.extension.spring.MybatisSqlSessionFactoryBean.buildSqlSessionFactory(MybatisSqlSessionFactoryBean.java:680)
	at com.baomidou.mybatisplus.extension.spring.MybatisSqlSessionFactoryBean.afterPropertiesSet(MybatisSqlSessionFactoryBean.java:553)
	at com.baomidou.mybatisplus.extension.spring.MybatisSqlSessionFactoryBean.getObject(MybatisSqlSessionFactoryBean.java:711)
	at com.baomidou.mybatisplus.autoconfigure.MybatisPlusAutoConfiguration.sqlSessionFactory(MybatisPlusAutoConfiguration.java:224)
	at java.base/jdk.internal.reflect.NativeMethodAccessorImpl.invoke0(Native Method)
	at java.base/jdk.internal.reflect.NativeMethodAccessorImpl.invoke(NativeMethodAccessorImpl.java:77)
	at java.base/jdk.internal.reflect.DelegatingMethodAccessorImpl.invoke(DelegatingMethodAccessorImpl.java:43)
	at java.base/java.lang.reflect.Method.invoke(Method.java:568)
	at org.springframework.beans.factory.support.SimpleInstantiationStrategy.instantiate(SimpleInstantiationStrategy.java:140)
	... 57 common frames omitted
Caused by: java.io.FileNotFoundException: F:\wms\WMS\ruoyi\wms-ruoyi-master\ruoyi-modules\ruoyi-system\target\classes\mapper\system\SysRoleMenuMapper.xml
	at org.springframework.core.io.FileSystemResource.getInputStream(FileSystemResource.java:196)
	at com.baomidou.mybatisplus.extension.spring.MybatisSqlSessionFactoryBean.buildSqlSessionFactory(MybatisSqlSessionFactoryBean.java:676)
	... 65 common frames omitted
2026-01-06 16:26:54 [background-preinit] INFO  o.h.validator.internal.util.Version - HV000001: Hibernate Validator 8.0.1.Final
2026-01-06 16:26:55 [main] INFO  com.ruoyi.RuoYiApplication - Starting RuoYiApplication using Java 17.0.9 with PID 28668 (F:\wms\WMS\ruoyi\wms-ruoyi-master\ruoyi-admin-wms\target\classes started by 浦颖昊 in F:\wms\WMS\ruoyi)
2026-01-06 16:26:55 [main] INFO  com.ruoyi.RuoYiApplication - The following 1 profile is active: "dev"
2026-01-06 16:26:59 [main] WARN  o.m.s.mapper.ClassPathMapperScanner - No MyBatis mapper was found in '[com.ruoyi]' package. Please check your configuration.
2026-01-06 16:27:01 [main] WARN  o.s.c.s.PostProcessorRegistrationDelegate$BeanPostProcessorChecker - Bean 'com.baomidou.dynamic.datasource.spring.boot.autoconfigure.DynamicDataSourceAopConfiguration' of type [com.baomidou.dynamic.datasource.spring.boot.autoconfigure.DynamicDataSourceAopConfiguration] is not eligible for getting processed by all BeanPostProcessors (for example: not eligible for auto-proxying). Is this bean getting eagerly injected into a currently created BeanPostProcessor [healthEndpointGroupsBeanPostProcessor]? Check the corresponding BeanPostProcessor declaration and its dependencies.
2026-01-06 16:27:03 [main] INFO  io.undertow.servlet - Initializing Spring embedded WebApplicationContext
2026-01-06 16:27:04 [main] INFO  c.b.d.d.DynamicRoutingDataSource - dynamic-datasource detect P6SPY plugin and enabled it
2026-01-06 16:27:04 [main] INFO  com.zaxxer.hikari.HikariDataSource - master - Starting...
2026-01-06 16:27:05 [main] INFO  com.zaxxer.hikari.pool.HikariPool - master - Added connection com.mysql.cj.jdbc.ConnectionImpl@4965454c
2026-01-06 16:27:05 [main] INFO  com.zaxxer.hikari.HikariDataSource - master - Start completed.
2026-01-06 16:27:05 [main] INFO  c.b.d.d.DynamicRoutingDataSource - dynamic-datasource - add a datasource named [slave] success
2026-01-06 16:27:05 [main] INFO  c.b.d.d.DynamicRoutingDataSource - dynamic-datasource - add a datasource named [master] success
2026-01-06 16:27:05 [main] INFO  c.b.d.d.DynamicRoutingDataSource - dynamic-datasource initial loaded [2] datasource,primary datasource named [master]
2026-01-06 16:27:09 [main] INFO  c.r.common.redis.config.RedisConfig - 初始化 redis 配置
2026-01-06 16:27:09 [main] INFO  org.redisson.Version - Redisson 3.29.0
2026-01-06 16:27:10 [redisson-netty-1-5] INFO  o.r.connection.ConnectionsHolder - 1 connections initialized for localhost/127.0.0.1:6379
2026-01-06 16:27:10 [redisson-netty-1-4] INFO  o.r.connection.ConnectionsHolder - 8 connections initialized for localhost/127.0.0.1:6379
2026-01-06 16:27:12 [main] INFO  c.r.common.json.config.JacksonConfig - 初始化 jackson 配置
2026-01-06 16:27:15 [main] INFO  io.undertow - starting server: Undertow - 2.3.13.Final
2026-01-06 16:27:15 [main] INFO  org.xnio - XNIO version 3.8.8.Final
2026-01-06 16:27:15 [main] INFO  org.xnio.nio - XNIO NIO Implementation Version 3.8.8.Final
2026-01-06 16:27:15 [main] INFO  org.jboss.threads - JBoss Threads version 3.5.0.Final
2026-01-06 16:27:15 [main] INFO  com.ruoyi.RuoYiApplication - Started RuoYiApplication in 21.654 seconds (process running for 22.352)
2026-01-06 16:27:16 [main] INFO  c.r.s.runner.SystemApplicationRunner - 初始化OSS配置成功
2026-01-06 16:27:16 [main] INFO  c.r.s.runner.SystemApplicationRunner - 加载参数缓存数据成功
2026-01-06 16:27:16 [main] INFO  c.r.s.runner.SystemApplicationRunner - 加载字典缓存数据成功
2026-01-06 16:27:22 [XNIO-1 task-2] INFO  io.undertow.servlet - Initializing Spring DispatcherServlet 'dispatcherServlet'
2026-01-06 16:27:22 [XNIO-1 task-3] INFO  c.r.c.w.i.PlusWebInvokeTimeInterceptor - [PLUS]开始请求 => URL[GET /captchaImage],无参数
2026-01-06 16:27:23 [XNIO-1 task-3] INFO  c.r.c.w.i.PlusWebInvokeTimeInterceptor - [PLUS]结束请求 => URL[GET /captchaImage],耗时:[725]毫秒
2026-01-06 16:27:26 [XNIO-1 task-3] INFO  c.r.c.w.i.PlusWebInvokeTimeInterceptor - [PLUS]开始请求 => URL[GET /captchaImage],无参数
2026-01-06 16:27:26 [XNIO-1 task-3] INFO  c.r.c.w.i.PlusWebInvokeTimeInterceptor - [PLUS]结束请求 => URL[GET /captchaImage],耗时:[15]毫秒
2026-01-06 16:27:29 [XNIO-1 task-3] INFO  c.r.c.w.i.PlusWebInvokeTimeInterceptor - [PLUS]开始请求 => URL[POST /login],参数类型[json],参数:[{"username":"admin","password":"123456","code":"2","uuid":"94a5ef7b2101413dab9310b87e0fc584"}]
2026-01-06 16:27:30 [schedule-pool-1] INFO  c.r.s.service.SysLogininforService - [0:0:0:0:0:0:0:1]内网IP[admin][Success][登录成功]
2026-01-06 16:27:30 [XNIO-1 task-3] INFO  c.r.c.w.i.PlusWebInvokeTimeInterceptor - [PLUS]结束请求 => URL[POST /login],耗时:[961]毫秒
2026-01-06 16:27:30 [XNIO-1 task-2] INFO  c.r.c.w.i.PlusWebInvokeTimeInterceptor - [PLUS]开始请求 => URL[GET /getInfo],无参数
2026-01-06 16:27:30 [XNIO-1 task-5] INFO  c.r.c.w.i.PlusWebInvokeTimeInterceptor - [PLUS]开始请求 => URL[GET /wms/itemCategory/listNoPage],无参数
2026-01-06 16:27:30 [XNIO-1 task-3] INFO  c.r.c.w.i.PlusWebInvokeTimeInterceptor - [PLUS]开始请求 => URL[GET /wms/warehouse/listNoPage],无参数
2026-01-06 16:27:30 [XNIO-1 task-4] INFO  c.r.c.w.i.PlusWebInvokeTimeInterceptor - [PLUS]开始请求 => URL[GET /wms/merchant/listNoPage],无参数
2026-01-06 16:27:30 [XNIO-1 task-4] INFO  c.r.c.w.i.PlusWebInvokeTimeInterceptor - [PLUS]结束请求 => URL[GET /wms/merchant/listNoPage],耗时:[54]毫秒
2026-01-06 16:27:30 [XNIO-1 task-3] INFO  c.r.c.w.i.PlusWebInvokeTimeInterceptor - [PLUS]结束请求 => URL[GET /wms/warehouse/listNoPage],耗时:[61]毫秒
2026-01-06 16:27:30 [XNIO-1 task-5] INFO  c.r.c.w.i.PlusWebInvokeTimeInterceptor - [PLUS]结束请求 => URL[GET /wms/itemCategory/listNoPage],耗时:[92]毫秒
2026-01-06 16:27:30 [XNIO-1 task-5] INFO  c.r.c.w.i.PlusWebInvokeTimeInterceptor - [PLUS]开始请求 => URL[GET /wms/itemCategory/treeselect],无参数
2026-01-06 16:27:30 [XNIO-1 task-2] INFO  c.r.c.w.i.PlusWebInvokeTimeInterceptor - [PLUS]结束请求 => URL[GET /getInfo],耗时:[148]毫秒
2026-01-06 16:27:30 [XNIO-1 task-2] INFO  c.r.c.w.i.PlusWebInvokeTimeInterceptor - [PLUS]开始请求 => URL[GET /getRouters],无参数
2026-01-06 16:27:30 [XNIO-1 task-5] INFO  c.r.c.w.i.PlusWebInvokeTimeInterceptor - [PLUS]结束请求 => URL[GET /wms/itemCategory/treeselect],耗时:[26]毫秒
2026-01-06 16:27:30 [XNIO-1 task-5] INFO  c.r.c.w.i.PlusWebInvokeTimeInterceptor - [PLUS]开始请求 => URL[GET /wms/itemBrand/listNoPage],无参数
2026-01-06 16:27:30 [XNIO-1 task-5] INFO  c.r.c.w.i.PlusWebInvokeTimeInterceptor - [PLUS]结束请求 => URL[GET /wms/itemBrand/listNoPage],耗时:[15]毫秒
2026-01-06 16:27:30 [XNIO-1 task-2] INFO  c.r.c.w.i.PlusWebInvokeTimeInterceptor - [PLUS]结束请求 => URL[GET /getRouters],耗时:[46]毫秒
2026-01-06 16:28:35 [XNIO-1 task-2] INFO  c.r.c.w.i.PlusWebInvokeTimeInterceptor - [PLUS]开始请求 => URL[GET /wms/inventory/boardList/warehouse],参数类型[param],参数:[{"pageSize":["10"],"pageNum":["1"]}]
2026-01-06 16:28:35 [XNIO-1 task-2] INFO  c.r.c.w.i.PlusWebInvokeTimeInterceptor - [PLUS]结束请求 => URL[GET /wms/inventory/boardList/warehouse],耗时:[200]毫秒
2026-01-06 16:28:39 [XNIO-1 task-2] INFO  c.r.c.w.i.PlusWebInvokeTimeInterceptor - [PLUS]开始请求 => URL[GET /wms/inventory/boardList/warehouse],参数类型[param],参数:[{"pageSize":["10"],"pageNum":["1"]}]
2026-01-06 16:28:39 [XNIO-1 task-2] INFO  c.r.c.w.i.PlusWebInvokeTimeInterceptor - [PLUS]结束请求 => URL[GET /wms/inventory/boardList/warehouse],耗时:[20]毫秒
2026-01-06 16:28:40 [XNIO-1 task-5] INFO  c.r.c.w.i.PlusWebInvokeTimeInterceptor - [PLUS]开始请求 => URL[GET /system/dict/data/type/wms_inventory_history_type],无参数
2026-01-06 16:28:40 [XNIO-1 task-2] INFO  c.r.c.w.i.PlusWebInvokeTimeInterceptor - [PLUS]开始请求 => URL[GET /wms/inventoryHistory/list],参数类型[param],参数:[{"pageSize":["10"],"pageNum":["1"]}]
2026-01-06 16:28:40 [XNIO-1 task-5] INFO  c.r.c.w.i.PlusWebInvokeTimeInterceptor - [PLUS]结束请求 => URL[GET /system/dict/data/type/wms_inventory_history_type],耗时:[27]毫秒
2026-01-06 16:28:40 [XNIO-1 task-2] INFO  c.r.c.w.i.PlusWebInvokeTimeInterceptor - [PLUS]结束请求 => URL[GET /wms/inventoryHistory/list],耗时:[76]毫秒
2026-01-06 16:28:41 [XNIO-1 task-3] INFO  c.r.c.w.i.PlusWebInvokeTimeInterceptor - [PLUS]开始请求 => URL[GET /system/dict/data/type/wms_receipt_status],无参数
2026-01-06 16:28:41 [XNIO-1 task-5] INFO  c.r.c.w.i.PlusWebInvokeTimeInterceptor - [PLUS]开始请求 => URL[GET /system/dict/data/type/wms_receipt_type],无参数
2026-01-06 16:28:41 [XNIO-1 task-3] INFO  c.r.c.w.i.PlusWebInvokeTimeInterceptor - [PLUS]结束请求 => URL[GET /system/dict/data/type/wms_receipt_status],耗时:[3]毫秒
2026-01-06 16:28:41 [XNIO-1 task-5] INFO  c.r.c.w.i.PlusWebInvokeTimeInterceptor - [PLUS]结束请求 => URL[GET /system/dict/data/type/wms_receipt_type],耗时:[4]毫秒
2026-01-06 16:28:41 [XNIO-1 task-2] INFO  c.r.c.w.i.PlusWebInvokeTimeInterceptor - [PLUS]开始请求 => URL[GET /wms/receiptOrder/list],参数类型[param],参数:[{"pageSize":["10"],"pageNum":["1"]}]
2026-01-06 16:28:41 [XNIO-1 task-2] INFO  c.r.c.w.i.PlusWebInvokeTimeInterceptor - [PLUS]结束请求 => URL[GET /wms/receiptOrder/list],耗时:[38]毫秒
2026-01-06 16:29:22 [XNIO-1 task-2] INFO  c.r.c.w.i.PlusWebInvokeTimeInterceptor - [PLUS]开始请求 => URL[GET /wms/receiptOrder/list],参数类型[param],参数:[{"pageSize":["10"],"pageNum":["1"]}]
2026-01-06 16:29:22 [XNIO-1 task-2] INFO  c.r.c.w.i.PlusWebInvokeTimeInterceptor - [PLUS]结束请求 => URL[GET /wms/receiptOrder/list],耗时:[13]毫秒
2026-01-06 16:29:22 [XNIO-1 task-3] INFO  c.r.c.w.i.PlusWebInvokeTimeInterceptor - [PLUS]开始请求 => URL[GET /system/dict/data/type/wms_shipment_type],无参数
2026-01-06 16:29:22 [XNIO-1 task-5] INFO  c.r.c.w.i.PlusWebInvokeTimeInterceptor - [PLUS]开始请求 => URL[GET /system/dict/data/type/wms_shipment_status],无参数
2026-01-06 16:29:22 [XNIO-1 task-5] INFO  c.r.c.w.i.PlusWebInvokeTimeInterceptor - [PLUS]结束请求 => URL[GET /system/dict/data/type/wms_shipment_status],耗时:[6]毫秒
2026-01-06 16:29:22 [XNIO-1 task-3] INFO  c.r.c.w.i.PlusWebInvokeTimeInterceptor - [PLUS]结束请求 => URL[GET /system/dict/data/type/wms_shipment_type],耗时:[11]毫秒
2026-01-06 16:29:22 [XNIO-1 task-2] INFO  c.r.c.w.i.PlusWebInvokeTimeInterceptor - [PLUS]开始请求 => URL[GET /wms/shipmentOrder/list],参数类型[param],参数:[{"pageSize":["10"],"pageNum":["1"]}]
2026-01-06 16:29:22 [XNIO-1 task-2] INFO  c.r.c.w.i.PlusWebInvokeTimeInterceptor - [PLUS]结束请求 => URL[GET /wms/shipmentOrder/list],耗时:[28]毫秒
2026-01-06 16:29:22 [XNIO-1 task-2] INFO  c.r.c.w.i.PlusWebInvokeTimeInterceptor - [PLUS]开始请求 => URL[GET /system/dict/data/type/wms_movement_status],无参数
2026-01-06 16:29:23 [XNIO-1 task-2] INFO  c.r.c.w.i.PlusWebInvokeTimeInterceptor - [PLUS]结束请求 => URL[GET /system/dict/data/type/wms_movement_status],耗时:[7]毫秒
2026-01-06 16:29:23 [XNIO-1 task-3] INFO  c.r.c.w.i.PlusWebInvokeTimeInterceptor - [PLUS]开始请求 => URL[GET /wms/movementOrder/list],参数类型[param],参数:[{"pageSize":["10"],"pageNum":["1"]}]
2026-01-06 16:29:23 [XNIO-1 task-3] INFO  c.r.c.w.i.PlusWebInvokeTimeInterceptor - [PLUS]结束请求 => URL[GET /wms/movementOrder/list],耗时:[40]毫秒
2026-01-06 16:29:23 [XNIO-1 task-2] INFO  c.r.c.w.i.PlusWebInvokeTimeInterceptor - [PLUS]开始请求 => URL[GET /system/dict/data/type/wms_check_status],无参数
2026-01-06 16:29:23 [XNIO-1 task-2] INFO  c.r.c.w.i.PlusWebInvokeTimeInterceptor - [PLUS]结束请求 => URL[GET /system/dict/data/type/wms_check_status],耗时:[3]毫秒
2026-01-06 16:29:23 [XNIO-1 task-3] INFO  c.r.c.w.i.PlusWebInvokeTimeInterceptor - [PLUS]开始请求 => URL[GET /wms/checkOrder/list],参数类型[param],参数:[{"pageSize":["10"],"pageNum":["1"]}]
2026-01-06 16:29:23 [XNIO-1 task-3] INFO  c.r.c.w.i.PlusWebInvokeTimeInterceptor - [PLUS]结束请求 => URL[GET /wms/checkOrder/list],耗时:[23]毫秒
2026-01-06 16:29:23 [XNIO-1 task-3] INFO  c.r.c.w.i.PlusWebInvokeTimeInterceptor - [PLUS]开始请求 => URL[GET /wms/receiptOrder/list],参数类型[param],参数:[{"pageSize":["10"],"pageNum":["1"]}]
2026-01-06 16:29:23 [XNIO-1 task-3] INFO  c.r.c.w.i.PlusWebInvokeTimeInterceptor - [PLUS]结束请求 => URL[GET /wms/receiptOrder/list],耗时:[10]毫秒
2026-01-06 16:29:28 [XNIO-1 task-3] INFO  c.r.c.w.i.PlusWebInvokeTimeInterceptor - [PLUS]开始请求 => URL[GET /wms/inventoryHistory/list],参数类型[param],参数:[{"pageSize":["10"],"pageNum":["1"]}]
2026-01-06 16:29:28 [XNIO-1 task-3] INFO  c.r.c.w.i.PlusWebInvokeTimeInterceptor - [PLUS]结束请求 => URL[GET /wms/inventoryHistory/list],耗时:[16]毫秒
2026-01-06 16:29:28 [XNIO-1 task-3] INFO  c.r.c.w.i.PlusWebInvokeTimeInterceptor - [PLUS]开始请求 => URL[GET /wms/inventory/boardList/warehouse],参数类型[param],参数:[{"pageSize":["10"],"pageNum":["1"]}]
2026-01-06 16:29:28 [XNIO-1 task-3] INFO  c.r.c.w.i.PlusWebInvokeTimeInterceptor - [PLUS]结束请求 => URL[GET /wms/inventory/boardList/warehouse],耗时:[10]毫秒
2026-01-06 16:29:29 [XNIO-1 task-3] INFO  c.r.c.w.i.PlusWebInvokeTimeInterceptor - [PLUS]开始请求 => URL[GET /wms/inventoryHistory/list],参数类型[param],参数:[{"pageSize":["10"],"pageNum":["1"]}]
2026-01-06 16:29:29 [XNIO-1 task-3] INFO  c.r.c.w.i.PlusWebInvokeTimeInterceptor - [PLUS]结束请求 => URL[GET /wms/inventoryHistory/list],耗时:[25]毫秒
2026-01-06 16:29:29 [XNIO-1 task-3] INFO  c.r.c.w.i.PlusWebInvokeTimeInterceptor - [PLUS]开始请求 => URL[GET /wms/inventory/boardList/warehouse],参数类型[param],参数:[{"pageSize":["10"],"pageNum":["1"]}]
2026-01-06 16:29:29 [XNIO-1 task-3] INFO  c.r.c.w.i.PlusWebInvokeTimeInterceptor - [PLUS]结束请求 => URL[GET /wms/inventory/boardList/warehouse],耗时:[13]毫秒
2026-01-06 16:29:30 [XNIO-1 task-3] INFO  c.r.c.w.i.PlusWebInvokeTimeInterceptor - [PLUS]开始请求 => URL[GET /wms/inventoryHistory/list],参数类型[param],参数:[{"pageSize":["10"],"pageNum":["1"]}]
2026-01-06 16:29:30 [XNIO-1 task-3] INFO  c.r.c.w.i.PlusWebInvokeTimeInterceptor - [PLUS]结束请求 => URL[GET /wms/inventoryHistory/list],耗时:[15]毫秒
2026-01-06 16:29:30 [XNIO-1 task-3] INFO  c.r.c.w.i.PlusWebInvokeTimeInterceptor - [PLUS]开始请求 => URL[GET /wms/inventory/boardList/warehouse],参数类型[param],参数:[{"pageSize":["10"],"pageNum":["1"]}]
2026-01-06 16:29:30 [XNIO-1 task-3] INFO  c.r.c.w.i.PlusWebInvokeTimeInterceptor - [PLUS]结束请求 => URL[GET /wms/inventory/boardList/warehouse],耗时:[12]毫秒
2026-01-06 16:29:31 [XNIO-1 task-3] INFO  c.r.c.w.i.PlusWebInvokeTimeInterceptor - [PLUS]开始请求 => URL[GET /wms/inventoryHistory/list],参数类型[param],参数:[{"pageSize":["10"],"pageNum":["1"]}]
2026-01-06 16:29:31 [XNIO-1 task-3] INFO  c.r.c.w.i.PlusWebInvokeTimeInterceptor - [PLUS]结束请求 => URL[GET /wms/inventoryHistory/list],耗时:[14]毫秒
2026-01-06 16:29:31 [XNIO-1 task-3] INFO  c.r.c.w.i.PlusWebInvokeTimeInterceptor - [PLUS]开始请求 => URL[GET /wms/inventory/boardList/warehouse],参数类型[param],参数:[{"pageSize":["10"],"pageNum":["1"]}]
2026-01-06 16:29:31 [XNIO-1 task-3] INFO  c.r.c.w.i.PlusWebInvokeTimeInterceptor - [PLUS]结束请求 => URL[GET /wms/inventory/boardList/warehouse],耗时:[10]毫秒
2026-01-06 16:29:33 [XNIO-1 task-3] INFO  c.r.c.w.i.PlusWebInvokeTimeInterceptor - [PLUS]开始请求 => URL[GET /wms/inventoryHistory/list],参数类型[param],参数:[{"pageSize":["10"],"pageNum":["1"]}]
2026-01-06 16:29:33 [XNIO-1 task-3] INFO  c.r.c.w.i.PlusWebInvokeTimeInterceptor - [PLUS]结束请求 => URL[GET /wms/inventoryHistory/list],耗时:[13]毫秒
2026-01-06 16:29:33 [XNIO-1 task-3] INFO  c.r.c.w.i.PlusWebInvokeTimeInterceptor - [PLUS]开始请求 => URL[GET /wms/shipmentOrder/list],参数类型[param],参数:[{"pageSize":["10"],"pageNum":["1"]}]
2026-01-06 16:29:33 [XNIO-1 task-3] INFO  c.r.c.w.i.PlusWebInvokeTimeInterceptor - [PLUS]结束请求 => URL[GET /wms/shipmentOrder/list],耗时:[10]毫秒
2026-01-06 16:29:44 [XNIO-1 task-3] INFO  c.r.c.w.i.PlusWebInvokeTimeInterceptor - [PLUS]开始请求 => URL[GET /system/user/profile],无参数
2026-01-06 16:29:44 [XNIO-1 task-3] INFO  c.r.c.w.i.PlusWebInvokeTimeInterceptor - [PLUS]结束请求 => URL[GET /system/user/profile],耗时:[28]毫秒
2026-01-06 16:31:36 [XNIO-1 task-3] INFO  c.r.c.w.i.PlusWebInvokeTimeInterceptor - [PLUS]开始请求 => URL[GET /captchaImage],无参数
2026-01-06 16:31:36 [XNIO-1 task-2] ERROR c.r.c.s.h.SaTokenExceptionHandler - 请求地址'/system/config/configKey/sys.account.registerUser',认证失败'未能读取到有效 token',无法访问系统资源
2026-01-06 16:31:36 [XNIO-1 task-3] INFO  c.r.c.w.i.PlusWebInvokeTimeInterceptor - [PLUS]结束请求 => URL[GET /captchaImage],耗时:[17]毫秒
2026-01-06 16:31:46 [XNIO-1 task-2] INFO  c.r.c.w.i.PlusWebInvokeTimeInterceptor - [PLUS]开始请求 => URL[POST /login],参数类型[json],参数:[{"username":"admin","password":"123456","code":"2","uuid":"7f82389d5d694192b3f1291ba9a3dd06"}]
2026-01-06 16:31:46 [schedule-pool-1] INFO  c.r.s.service.SysLogininforService - [0:0:0:0:0:0:0:1]内网IP[admin][Success][登录成功]
2026-01-06 16:31:46 [XNIO-1 task-2] INFO  c.r.c.w.i.PlusWebInvokeTimeInterceptor - [PLUS]结束请求 => URL[POST /login],耗时:[44]毫秒
2026-01-06 16:31:59 [XNIO-1 task-2] INFO  c.r.c.w.i.PlusWebInvokeTimeInterceptor - [PLUS]开始请求 => URL[GET /wms/checkOrder/list],参数类型[param],参数:[{"pageSize":["10"],"pageNum":["1"]}]
2026-01-06 16:31:59 [XNIO-1 task-2] INFO  c.r.c.w.i.PlusWebInvokeTimeInterceptor - [PLUS]结束请求 => URL[GET /wms/checkOrder/list],耗时:[15]毫秒
2026-01-06 16:32:00 [XNIO-1 task-2] INFO  c.r.c.w.i.PlusWebInvokeTimeInterceptor - [PLUS]开始请求 => URL[GET /wms/movementOrder/list],参数类型[param],参数:[{"pageSize":["10"],"pageNum":["1"]}]
2026-01-06 16:32:00 [XNIO-1 task-2] INFO  c.r.c.w.i.PlusWebInvokeTimeInterceptor - [PLUS]结束请求 => URL[GET /wms/movementOrder/list],耗时:[18]毫秒
2026-01-06 16:32:00 [XNIO-1 task-2] INFO  c.r.c.w.i.PlusWebInvokeTimeInterceptor - [PLUS]开始请求 => URL[GET /wms/receiptOrder/list],参数类型[param],参数:[{"pageSize":["10"],"pageNum":["1"]}]
2026-01-06 16:32:00 [XNIO-1 task-2] INFO  c.r.c.w.i.PlusWebInvokeTimeInterceptor - [PLUS]结束请求 => URL[GET /wms/receiptOrder/list],耗时:[8]毫秒
2026-01-06 16:32:01 [XNIO-1 task-2] INFO  c.r.c.w.i.PlusWebInvokeTimeInterceptor - [PLUS]开始请求 => URL[GET /wms/inventoryHistory/list],参数类型[param],参数:[{"pageSize":["10"],"pageNum":["1"]}]
2026-01-06 16:32:01 [XNIO-1 task-2] INFO  c.r.c.w.i.PlusWebInvokeTimeInterceptor - [PLUS]结束请求 => URL[GET /wms/inventoryHistory/list],耗时:[10]毫秒
2026-01-06 16:32:02 [XNIO-1 task-2] INFO  c.r.c.w.i.PlusWebInvokeTimeInterceptor - [PLUS]开始请求 => URL[GET /wms/inventory/boardList/warehouse],参数类型[param],参数:[{"pageSize":["10"],"pageNum":["1"]}]
2026-01-06 16:32:02 [XNIO-1 task-2] INFO  c.r.c.w.i.PlusWebInvokeTimeInterceptor - [PLUS]结束请求 => URL[GET /wms/inventory/boardList/warehouse],耗时:[11]毫秒
2026-01-06 16:32:02 [XNIO-1 task-2] INFO  c.r.c.w.i.PlusWebInvokeTimeInterceptor - [PLUS]开始请求 => URL[GET /wms/inventoryHistory/list],参数类型[param],参数:[{"pageSize":["10"],"pageNum":["1"]}]
2026-01-06 16:32:02 [XNIO-1 task-2] INFO  c.r.c.w.i.PlusWebInvokeTimeInterceptor - [PLUS]结束请求 => URL[GET /wms/inventoryHistory/list],耗时:[12]毫秒
2026-01-06 16:32:03 [XNIO-1 task-2] INFO  c.r.c.w.i.PlusWebInvokeTimeInterceptor - [PLUS]开始请求 => URL[GET /wms/inventory/boardList/warehouse],参数类型[param],参数:[{"pageSize":["10"],"pageNum":["1"]}]
2026-01-06 16:32:03 [XNIO-1 task-2] INFO  c.r.c.w.i.PlusWebInvokeTimeInterceptor - [PLUS]结束请求 => URL[GET /wms/inventory/boardList/warehouse],耗时:[13]毫秒
2026-01-06 18:07:14 [background-preinit] INFO  o.h.validator.internal.util.Version - HV000001: Hibernate Validator 8.0.1.Final
2026-01-06 18:07:14 [main] INFO  com.ruoyi.RuoYiApplication - Starting RuoYiApplication using Java 17.0.9 with PID 36356 (F:\wms\WMS\ruoyi\wms-ruoyi-master\ruoyi-admin-wms\target\classes started by 浦颖昊 in F:\wms\WMS\ruoyi)
2026-01-06 18:07:14 [main] INFO  com.ruoyi.RuoYiApplication - The following 1 profile is active: "dev"
2026-01-06 18:07:19 [main] WARN  o.m.s.mapper.ClassPathMapperScanner - No MyBatis mapper was found in '[com.ruoyi]' package. Please check your configuration.
2026-01-06 18:07:22 [main] WARN  o.s.c.s.PostProcessorRegistrationDelegate$BeanPostProcessorChecker - Bean 'com.baomidou.dynamic.datasource.spring.boot.autoconfigure.DynamicDataSourceAopConfiguration' of type [com.baomidou.dynamic.datasource.spring.boot.autoconfigure.DynamicDataSourceAopConfiguration] is not eligible for getting processed by all BeanPostProcessors (for example: not eligible for auto-proxying). Is this bean getting eagerly injected into a currently created BeanPostProcessor [healthEndpointGroupsBeanPostProcessor]? Check the corresponding BeanPostProcessor declaration and its dependencies.
2026-01-06 18:07:23 [main] INFO  io.undertow.servlet - Initializing Spring embedded WebApplicationContext
2026-01-06 18:07:25 [main] INFO  c.b.d.d.DynamicRoutingDataSource - dynamic-datasource detect P6SPY plugin and enabled it
2026-01-06 18:07:25 [main] INFO  com.zaxxer.hikari.HikariDataSource - master - Starting...
2026-01-06 18:07:26 [main] INFO  com.zaxxer.hikari.pool.HikariPool - master - Added connection com.mysql.cj.jdbc.ConnectionImpl@1165a952
2026-01-06 18:07:26 [main] INFO  com.zaxxer.hikari.HikariDataSource - master - Start completed.
2026-01-06 18:07:26 [main] INFO  c.b.d.d.DynamicRoutingDataSource - dynamic-datasource - add a datasource named [slave] success
2026-01-06 18:07:26 [main] INFO  c.b.d.d.DynamicRoutingDataSource - dynamic-datasource - add a datasource named [master] success
2026-01-06 18:07:26 [main] INFO  c.b.d.d.DynamicRoutingDataSource - dynamic-datasource initial loaded [2] datasource,primary datasource named [master]
2026-01-06 18:07:31 [main] INFO  c.r.common.redis.config.RedisConfig - 初始化 redis 配置
2026-01-06 18:07:31 [main] INFO  org.redisson.Version - Redisson 3.29.0
2026-01-06 18:07:33 [redisson-netty-1-5] INFO  o.r.connection.ConnectionsHolder - 1 connections initialized for localhost/127.0.0.1:6379
2026-01-06 18:07:33 [redisson-netty-1-4] INFO  o.r.connection.ConnectionsHolder - 8 connections initialized for localhost/127.0.0.1:6379
2026-01-06 18:07:33 [main] WARN  o.s.b.w.s.c.AnnotationConfigServletWebServerApplicationContext - Exception encountered during context initialization - cancelling refresh attempt: org.springframework.beans.factory.UnsatisfiedDependencyException: Error creating bean with name 'sysLoginController' defined in file [F:\wms\WMS\ruoyi\wms-ruoyi-master\ruoyi-modules\ruoyi-system\target\classes\com\ruoyi\system\controller\system\SysLoginController.class]: Unsatisfied dependency expressed through constructor parameter 0: Error creating bean with name 'sysLoginService': Lookup method resolution failed
2026-01-06 18:07:34 [main] INFO  c.b.d.d.DynamicRoutingDataSource - dynamic-datasource start closing ....
2026-01-06 18:07:34 [main] INFO  c.b.d.d.d.DefaultDataSourceDestroyer - dynamic-datasource close the datasource named [slave] success,
2026-01-06 18:07:34 [main] INFO  com.zaxxer.hikari.HikariDataSource - master - Shutdown initiated...
2026-01-06 18:07:34 [main] INFO  com.zaxxer.hikari.HikariDataSource - master - Shutdown completed.
2026-01-06 18:07:34 [main] INFO  c.b.d.d.d.DefaultDataSourceDestroyer - dynamic-datasource close the datasource named [master] success,
2026-01-06 18:07:34 [main] INFO  c.b.d.d.DynamicRoutingDataSource - dynamic-datasource all closed success,bye
2026-01-06 18:07:34 [main] ERROR o.s.boot.SpringApplication - Application run failed
org.springframework.beans.factory.UnsatisfiedDependencyException: Error creating bean with name 'sysLoginController' defined in file [F:\wms\WMS\ruoyi\wms-ruoyi-master\ruoyi-modules\ruoyi-system\target\classes\com\ruoyi\system\controller\system\SysLoginController.class]: Unsatisfied dependency expressed through constructor parameter 0: Error creating bean with name 'sysLoginService': Lookup method resolution failed
	at org.springframework.beans.factory.support.ConstructorResolver.createArgumentArray(ConstructorResolver.java:795)
	at org.springframework.beans.factory.support.ConstructorResolver.autowireConstructor(ConstructorResolver.java:237)
	at org.springframework.beans.factory.support.AbstractAutowireCapableBeanFactory.autowireConstructor(AbstractAutowireCapableBeanFactory.java:1357)
	at org.springframework.beans.factory.support.AbstractAutowireCapableBeanFactory.createBeanInstance(AbstractAutowireCapableBeanFactory.java:1194)
	at org.springframework.beans.factory.support.AbstractAutowireCapableBeanFactory.doCreateBean(AbstractAutowireCapableBeanFactory.java:562)
	at org.springframework.beans.factory.support.AbstractAutowireCapableBeanFactory.createBean(AbstractAutowireCapableBeanFactory.java:522)
	at org.springframework.beans.factory.support.AbstractBeanFactory.lambda$doGetBean$0(AbstractBeanFactory.java:337)
	at org.springframework.beans.factory.support.DefaultSingletonBeanRegistry.getSingleton(DefaultSingletonBeanRegistry.java:234)
	at org.springframework.beans.factory.support.AbstractBeanFactory.doGetBean(AbstractBeanFactory.java:335)
	at org.springframework.beans.factory.support.AbstractBeanFactory.getBean(AbstractBeanFactory.java:200)
	at org.springframework.beans.factory.support.DefaultListableBeanFactory.preInstantiateSingletons(DefaultListableBeanFactory.java:975)
	at org.springframework.context.support.AbstractApplicationContext.finishBeanFactoryInitialization(AbstractApplicationContext.java:962)
	at org.springframework.context.support.AbstractApplicationContext.refresh(AbstractApplicationContext.java:624)
	at org.springframework.boot.web.servlet.context.ServletWebServerApplicationContext.refresh(ServletWebServerApplicationContext.java:146)
	at org.springframework.boot.SpringApplication.refresh(SpringApplication.java:754)
	at org.springframework.boot.SpringApplication.refreshContext(SpringApplication.java:456)
	at org.springframework.boot.SpringApplication.run(SpringApplication.java:335)
	at com.ruoyi.RuoYiApplication.main(RuoYiApplication.java:20)
Caused by: org.springframework.beans.factory.BeanCreationException: Error creating bean with name 'sysLoginService': Lookup method resolution failed
	at org.springframework.beans.factory.annotation.AutowiredAnnotationBeanPostProcessor.checkLookupMethods(AutowiredAnnotationBeanPostProcessor.java:497)
	at org.springframework.beans.factory.annotation.AutowiredAnnotationBeanPostProcessor.determineCandidateConstructors(AutowiredAnnotationBeanPostProcessor.java:367)
	at org.springframework.beans.factory.support.AbstractAutowireCapableBeanFactory.determineConstructorsFromBeanPostProcessors(AbstractAutowireCapableBeanFactory.java:1296)
	at org.springframework.beans.factory.support.AbstractAutowireCapableBeanFactory.createBeanInstance(AbstractAutowireCapableBeanFactory.java:1191)
	at org.springframework.beans.factory.support.AbstractAutowireCapableBeanFactory.doCreateBean(AbstractAutowireCapableBeanFactory.java:562)
	at org.springframework.beans.factory.support.AbstractAutowireCapableBeanFactory.createBean(AbstractAutowireCapableBeanFactory.java:522)
	at org.springframework.beans.factory.support.AbstractBeanFactory.lambda$doGetBean$0(AbstractBeanFactory.java:337)
	at org.springframework.beans.factory.support.DefaultSingletonBeanRegistry.getSingleton(DefaultSingletonBeanRegistry.java:234)
	at org.springframework.beans.factory.support.AbstractBeanFactory.doGetBean(AbstractBeanFactory.java:335)
	at org.springframework.beans.factory.support.AbstractBeanFactory.getBean(AbstractBeanFactory.java:200)
	at org.springframework.beans.factory.config.DependencyDescriptor.resolveCandidate(DependencyDescriptor.java:254)
	at org.springframework.beans.factory.support.DefaultListableBeanFactory.doResolveDependency(DefaultListableBeanFactory.java:1443)
	at org.springframework.beans.factory.support.DefaultListableBeanFactory.resolveDependency(DefaultListableBeanFactory.java:1353)
	at org.springframework.beans.factory.support.ConstructorResolver.resolveAutowiredArgument(ConstructorResolver.java:904)
	at org.springframework.beans.factory.support.ConstructorResolver.createArgumentArray(ConstructorResolver.java:782)
	... 17 common frames omitted
Caused by: java.lang.IllegalStateException: Failed to introspect Class [com.ruoyi.system.service.SysLoginService] from ClassLoader [jdk.internal.loader.ClassLoaders$AppClassLoader@1d44bcfa]
	at org.springframework.util.ReflectionUtils.getDeclaredMethods(ReflectionUtils.java:483)
	at org.springframework.util.ReflectionUtils.doWithLocalMethods(ReflectionUtils.java:320)
	at org.springframework.beans.factory.annotation.AutowiredAnnotationBeanPostProcessor.checkLookupMethods(AutowiredAnnotationBeanPostProcessor.java:475)
	... 31 common frames omitted
Caused by: java.lang.NoClassDefFoundError: com/ruoyi/common/core/exception/user/UserException
	at java.base/java.lang.Class.getDeclaredMethods0(Native Method)
	at java.base/java.lang.Class.privateGetDeclaredMethods(Class.java:3402)
	at java.base/java.lang.Class.getDeclaredMethods(Class.java:2504)
	at org.springframework.util.ReflectionUtils.getDeclaredMethods(ReflectionUtils.java:465)
	... 33 common frames omitted
Caused by: java.lang.ClassNotFoundException: com.ruoyi.common.core.exception.user.UserException
	at java.base/jdk.internal.loader.BuiltinClassLoader.loadClass(BuiltinClassLoader.java:641)
	at java.base/jdk.internal.loader.ClassLoaders$AppClassLoader.loadClass(ClassLoaders.java:188)
	at java.base/java.lang.ClassLoader.loadClass(ClassLoader.java:525)
	... 37 common frames omitted
